Determining if the pthread_create exist failed with the following output:
Change Dir: /home/mmc-wy/mmc_onboard/CMakeFiles/CMakeTmp

Run Build Command:"/usr/bin/make" "cmTC_6586e/fast"
/usr/bin/make -f CMakeFiles/cmTC_6586e.dir/build.make CMakeFiles/cmTC_6586e.dir/build
make[1]: Entering directory '/home/mmc-wy/mmc_onboard/CMakeFiles/CMakeTmp'
Building C object CMakeFiles/cmTC_6586e.dir/CheckSymbolExists.c.o
/usr/bin/cc    -o CMakeFiles/cmTC_6586e.dir/CheckSymbolExists.c.o   -c /home/mmc-wy/mmc_onboard/CMakeFiles/CMakeTmp/CheckSymbolExists.c
Linking C executable cmTC_6586e
/home/mmc-wy/深圳学习资料/clion/clion-2018.2.5/bin/cmake/linux/bin/cmake -E cmake_link_script CMakeFiles/cmTC_6586e.dir/link.txt --verbose=1
/usr/bin/cc      -rdynamic CMakeFiles/cmTC_6586e.dir/CheckSymbolExists.c.o  -o cmTC_6586e 
CMakeFiles/cmTC_6586e.dir/CheckSymbolExists.c.o: In function `main':
CheckSymbolExists.c:(.text+0x16): undefined reference to `pthread_create'
collect2: error: ld returned 1 exit status
CMakeFiles/cmTC_6586e.dir/build.make:86: recipe for target 'cmTC_6586e' failed
make[1]: *** [cmTC_6586e] Error 1
make[1]: Leaving directory '/home/mmc-wy/mmc_onboard/CMakeFiles/CMakeTmp'
Makefile:121: recipe for target 'cmTC_6586e/fast' failed
make: *** [cmTC_6586e/fast] Error 2

File /home/mmc-wy/mmc_onboard/CMakeFiles/CMakeTmp/CheckSymbolExists.c:
/* */
#include <pthread.h>

int main(int argc, char** argv)
{
  (void)argv;
#ifndef pthread_create
  return ((int*)(&pthread_create))[argc];
#else
  (void)argc;
  return 0;
#endif
}

Determining if the function pthread_create exists in the pthreads failed with the following output:
Change Dir: /home/mmc-wy/mmc_onboard/CMakeFiles/CMakeTmp

Run Build Command:"/usr/bin/make" "cmTC_a36d6/fast"
/usr/bin/make -f CMakeFiles/cmTC_a36d6.dir/build.make CMakeFiles/cmTC_a36d6.dir/build
make[1]: Entering directory '/home/mmc-wy/mmc_onboard/CMakeFiles/CMakeTmp'
Building C object CMakeFiles/cmTC_a36d6.dir/CheckFunctionExists.c.o
/usr/bin/cc   -DCHECK_FUNCTION_EXISTS=pthread_create   -o CMakeFiles/cmTC_a36d6.dir/CheckFunctionExists.c.o   -c /home/mmc-wy/深圳学习资料/clion/clion-2018.2.5/bin/cmake/linux/share/cmake-3.12/Modules/CheckFunctionExists.c
Linking C executable cmTC_a36d6
/home/mmc-wy/深圳学习资料/clion/clion-2018.2.5/bin/cmake/linux/bin/cmake -E cmake_link_script CMakeFiles/cmTC_a36d6.dir/link.txt --verbose=1
/usr/bin/cc  -DCHECK_FUNCTION_EXISTS=pthread_create    -rdynamic CMakeFiles/cmTC_a36d6.dir/CheckFunctionExists.c.o  -o cmTC_a36d6 -lpthreads 
/usr/bin/ld: cannot find -lpthreads
collect2: error: ld returned 1 exit status
CMakeFiles/cmTC_a36d6.dir/build.make:86: recipe for target 'cmTC_a36d6' failed
make[1]: *** [cmTC_a36d6] Error 1
make[1]: Leaving directory '/home/mmc-wy/mmc_onboard/CMakeFiles/CMakeTmp'
Makefile:121: recipe for target 'cmTC_a36d6/fast' failed
make: *** [cmTC_a36d6/fast] Error 2


